{
  "title": "Rustlings: quiz 編",
  "closed": false,
  "archived": false,
  "created_at": "2022-03-25",
  "comments": [
    {
      "author": "tarotene",
      "created_at": "2022-03-25",
      "body_markdown": "とりあえず quiz 編．"
    },
    {
      "author": "tarotene",
      "created_at": "2022-03-25",
      "body_markdown": "```\n⚠️  Compiling of exercises/quiz1.rs failed! Please try again. Here's the output:\nerror[E0425]: cannot find function `calculate_apple_price` in this scope\n  --> exercises/quiz1.rs:18:18\n   |\n18 |     let price1 = calculate_apple_price(35);\n   |                  ^^^^^^^^^^^^^^^^^^^^^ not found in this scope\n\nerror[E0425]: cannot find function `calculate_apple_price` in this scope\n  --> exercises/quiz1.rs:19:18\n   |\n19 |     let price2 = calculate_apple_price(40);\n   |                  ^^^^^^^^^^^^^^^^^^^^^ not found in this scope\n\nerror[E0425]: cannot find function `calculate_apple_price` in this scope\n  --> exercises/quiz1.rs:20:18\n   |\n20 |     let price3 = calculate_apple_price(65);\n   |                  ^^^^^^^^^^^^^^^^^^^^^ not found in this scope\n\nerror: aborting due to 3 previous errors\n\nFor more information about this error, try `rustc --explain E0425`.\n```"
    },
    {
      "author": "tarotene",
      "created_at": "2022-03-25",
      "body_markdown": "# Debugging `quiz1.rs`\n\n`calculate_apple_price` という名称から察するに，多分ディスカウントが効く系の価格計算やろうな．"
    },
    {
      "author": "tarotene",
      "created_at": "2022-03-25",
      "body_markdown": "```rust\nfn calculate_apple_price(quant: u32) -> u32 {\n    if (quant <= 40) {\n        quant * 2\n    } else {\n        quant * 1\n    }\n}\n```\n\nこれでいけた．"
    },
    {
      "author": "tarotene",
      "created_at": "2022-03-25",
      "body_markdown": "`scale_factor` 的な定数を使おうと思ったけど今回はそこまでではない．"
    },
    {
      "author": "tarotene",
      "created_at": "2022-03-25",
      "body_markdown": "quiz 編は一旦中断して，move_semantics 編へ...\n\n続きはまた quiz 編に戻ったらで．",
      "body_updated_at": "2022-03-25"
    }
  ]
}